[debug] [2021-07-07T06:58:49.700Z] ----------------------------------------------------------------------
[debug] [2021-07-07T06:58:49.702Z] Command:       C:\Program Files\nodejs\node.exe C:\Users\USER\AppData\Roaming\npm\node_modules\firebase-tools\lib\bin\firebase.js init
[debug] [2021-07-07T06:58:49.702Z] CLI Version:   9.14.0
[debug] [2021-07-07T06:58:49.703Z] Platform:      win32
[debug] [2021-07-07T06:58:49.703Z] Node Version:  v14.17.0
[debug] [2021-07-07T06:58:49.704Z] Time:          Wed Jul 07 2021 07:58:49 GMT+0100 (West Africa Standard Time)
[debug] [2021-07-07T06:58:49.704Z] ----------------------------------------------------------------------
[debug] 
[debug] [2021-07-07T06:58:49.711Z] > command requires scopes: ["email","openid","https://www.googleapis.com/auth/cloudplatformprojects.readonly","https://www.googleapis.com/auth/firebase","https://www.googleapis.com/auth/cloud-platform"]
[debug] [2021-07-07T06:58:49.711Z] > authorizing via signed-in user (emmanuelidus@gmail.com)
[info] 
     ######## #### ########  ######## ########     ###     ######  ########
     ##        ##  ##     ## ##       ##     ##  ##   ##  ##       ##
     ######    ##  ########  ######   ########  #########  ######  ######
     ##        ##  ##    ##  ##       ##     ## ##     ##       ## ##
     ##       #### ##     ## ######## ########  ##     ##  ######  ########

You're about to initialize a Firebase project in this directory:

  C:\Users\USER\Pictures\youth-football\HOD Techologies\HOD Techologies

[debug] [2021-07-07T06:59:15.429Z] ----------------------------------------------------------------------
[debug] [2021-07-07T06:59:15.431Z] Command:       C:\Program Files\nodejs\node.exe C:\Users\USER\AppData\Roaming\npm\node_modules\firebase-tools\lib\bin\firebase.js init
[debug] [2021-07-07T06:59:15.432Z] CLI Version:   9.14.0
[debug] [2021-07-07T06:59:15.432Z] Platform:      win32
[debug] [2021-07-07T06:59:15.432Z] Node Version:  v14.17.0
[debug] [2021-07-07T06:59:15.433Z] Time:          Wed Jul 07 2021 07:59:15 GMT+0100 (West Africa Standard Time)
[debug] [2021-07-07T06:59:15.433Z] ----------------------------------------------------------------------
[debug] 
[debug] [2021-07-07T06:59:15.441Z] > command requires scopes: ["email","openid","https://www.googleapis.com/auth/cloudplatformprojects.readonly","https://www.googleapis.com/auth/firebase","https://www.googleapis.com/auth/cloud-platform"]
[debug] [2021-07-07T06:59:15.441Z] > authorizing via signed-in user (emmanuelidus@gmail.com)
[info] 
     ######## #### ########  ######## ########     ###     ######  ########
     ##        ##  ##     ## ##       ##     ##  ##   ##  ##       ##
     ######    ##  ########  ######   ########  #########  ######  ######
     ##        ##  ##    ##  ##       ##     ## ##     ##       ## ##
     ##       #### ##     ## ######## ########  ##     ##  ######  ########

You're about to initialize a Firebase project in this directory:

  C:\Users\USER\Pictures\youth-football\HOD Techologies\HOD Techologies

[info] 
=== Project Setup
[info] 
[info] First, let's associate this project directory with a Firebase project.
[info] You can create multiple project aliases by running firebase use --add, 
[info] but for now we'll just set up a default project.
[info] 
[debug] [2021-07-07T06:59:26.483Z] >>> [apiv2][query] GET https://firebase.googleapis.com/v1beta1/projects pageSize=100
[debug] [2021-07-07T06:59:27.333Z] <<< [apiv2][status] GET https://firebase.googleapis.com/v1beta1/projects 200
[debug] [2021-07-07T06:59:27.333Z] <<< [apiv2][body] GET https://firebase.googleapis.com/v1beta1/projects [omitted]
[info] i  Using project hod-tech (hod-tech) 
[info] 
=== Hosting Setup
[info] 
[info] Your public directory is the folder (relative to your project directory) that
[info] will contain Hosting assets to be uploaded with firebase deploy. If you
[info] have a build process for your assets, use your build's output directory.
[info] 
[info] +  Wrote public/404.html 
[debug] [2021-07-07T06:59:39.319Z] >>> [apiv2][query] GET https://www.gstatic.com/firebasejs/releases.json [none]
[debug] [2021-07-07T06:59:39.564Z] <<< [apiv2][status] GET https://www.gstatic.com/firebasejs/releases.json 200
[debug] [2021-07-07T06:59:39.565Z] <<< [apiv2][body] GET https://www.gstatic.com/firebasejs/releases.json {"current":{"version":"8.7.0","browserURL":"https://www.gstatic.com/firebasejs/8.7.0/firebase.js","packageURL":"https://www.gstatic.com/firebasejs/8.7.0/firebase.tgz"},"live":{"version":"8.7","browserURL":"https://www.gstatic.com/firebasejs/live/8.7/firebase.js","packageURL":"https://www.gstatic.com/firebasejs/live/8.7/firebase.tgz"},"components":{"analytics":"https://www.gstatic.com/firebasejs/8.7.0/firebase-analytics.js","app":"https://www.gstatic.com/firebasejs/8.7.0/firebase-app.js","app-check":"https://www.gstatic.com/firebasejs/8.7.0/firebase-app-check.js","auth":"https://www.gstatic.com/firebasejs/8.7.0/firebase-auth.js","database":"https://www.gstatic.com/firebasejs/8.7.0/firebase-database.js","firestore":"https://www.gstatic.com/firebasejs/8.7.0/firebase-firestore.js","functions":"https://www.gstatic.com/firebasejs/8.7.0/firebase-functions.js","installations":"https://www.gstatic.com/firebasejs/8.7.0/firebase-installations.js","messaging":"https://www.gstatic.com/firebasejs/8.7.0/firebase-messaging.js","storage":"https://www.gstatic.com/firebasejs/8.7.0/firebase-storage.js","performance":"https://www.gstatic.com/firebasejs/8.7.0/firebase-performance.js","remote-config":"https://www.gstatic.com/firebasejs/8.7.0/firebase-remote-config.js","firestore.memory":"https://www.gstatic.com/firebasejs/8.7.0/firebase-firestore.memory.js"}}
[info] +  Wrote public/index.html 
[info] 
[info] i  Detected a .git folder at C:\Users\USER\Pictures\youth-football\HOD Techologies\HOD Techologies 
[info] i  Authorizing with GitHub to upload your service account to a GitHub repository's secrets store. 
[info] 
[info] Visit this URL on this device to log in:
[info] https://github.com/login/oauth/authorize?client_id=89cf50f02ac6aaed3484&state=37686496&redirect_uri=http%3A%2F%2Flocalhost%3A9005&scope=read%3Auser%20repo%20public_repo
[info] 
[info] Waiting for authentication...
[debug] [2021-07-07T06:59:41.508Z] >>> HTTP REQUEST POST https://github.com/login/oauth/access_token  
 {"client_id":"89cf50f02ac6aaed3484","client_secret":"3330d14abc895d9a74d5f17cd7a00711fa2c5bf0","code":"4b0e48d0249e904c1831","redirect_uri":"http://localhost:9005","state":"37686496"}
[debug] [2021-07-07T06:59:42.254Z] <<< HTTP RESPONSE 200 {"server":"GitHub.com","date":"Wed, 07 Jul 2021 07:01:40 GMT","content-type":"application/json; charset=utf-8","transfer-encoding":"chunked","vary":"X-PJAX, Accept-Encoding, Accept, X-Requested-With","permissions-policy":"interest-cohort=()","etag":"W/\"c1b4f5d1e6432c229f71885146aa3379\"","cache-control":"max-age=0, private, must-revalidate","strict-transport-security":"max-age=31536000; includeSubdomains; preload","x-frame-options":"deny","x-content-type-options":"nosniff","x-xss-protection":"0","referrer-policy":"origin-when-cross-origin, strict-origin-when-cross-origin","expect-ct":"max-age=2592000, report-uri=\"https://api.github.com/_private/browser/errors\"","content-security-policy":"default-src 'none'; base-uri 'self'; block-all-mixed-content; connect-src 'self' uploads.github.com www.githubstatus.com collector.githubapp.com api.github.com github-cloud.s3.amazonaws.com github-production-repository-file-5c1aeb.s3.amazonaws.com github-production-upload-manifest-file-7fdce7.s3.amazonaws.com github-production-user-asset-6210df.s3.amazonaws.com cdn.optimizely.com logx.optimizely.com/v1/events translator.github.com wss://alive.github.com; font-src github.githubassets.com; form-action 'self' github.com gist.github.com; frame-ancestors 'none'; frame-src render.githubusercontent.com render-temp.githubusercontent.com viewscreen.githubusercontent.com; img-src 'self' data: github.githubassets.com identicons.github.com collector.githubapp.com github-cloud.s3.amazonaws.com secured-user-images.githubusercontent.com/ *.githubusercontent.com; manifest-src 'self'; media-src 'none'; script-src github.githubassets.com; style-src 'unsafe-inline' github.githubassets.com; worker-src github.com/socket-worker-3f088aa2.js gist.github.com/socket-worker-3f088aa2.js","x-github-request-id":"A440:136C1:9AA0F97:9F7711A:60E55153"}
[debug] [2021-07-07T06:59:42.261Z] >>> [apiv2][query] GET https://api.github.com/user [none]
[debug] [2021-07-07T06:59:42.993Z] <<< [apiv2][status] GET https://api.github.com/user 200
[debug] [2021-07-07T06:59:42.994Z] <<< [apiv2][body] GET https://api.github.com/user {"login":"donemmx","id":55012848,"node_id":"MDQ6VXNlcjU1MDEyODQ4","avatar_url":"https://avatars.githubusercontent.com/u/55012848?v=4","gravatar_id":"","url":"https://api.github.com/users/donemmx","html_url":"https://github.com/donemmx","followers_url":"https://api.github.com/users/donemmx/followers","following_url":"https://api.github.com/users/donemmx/following{/other_user}","gists_url":"https://api.github.com/users/donemmx/gists{/gist_id}","starred_url":"https://api.github.com/users/donemmx/starred{/owner}{/repo}","subscriptions_url":"https://api.github.com/users/donemmx/subscriptions","organizations_url":"https://api.github.com/users/donemmx/orgs","repos_url":"https://api.github.com/users/donemmx/repos","events_url":"https://api.github.com/users/donemmx/events{/privacy}","received_events_url":"https://api.github.com/users/donemmx/received_events","type":"User","site_admin":false,"name":"Emmanuel Idusuyi","company":"Kingsdomain","blog":"Kingsdomain.io","location":"United States","email":null,"hireable":true,"bio":"Frontend Web developer and a UI/UX designer","twitter_username":null,"public_repos":27,"public_gists":0,"followers":1,"following":0,"created_at":"2019-09-07T05:35:40Z","updated_at":"2021-07-07T06:50:44Z","private_gists":0,"total_private_repos":6,"owned_private_repos":5,"disk_usage":61627,"collaborators":0,"two_factor_authentication":false,"plan":{"name":"free","space":976562499,"collaborators":0,"private_repos":10000}}
[info] 
[info] +  Success! Logged into GitHub as donemmx 
[info] 
